<?xml version="1.0" encoding="UTF-8"?>
<testng-results ignored="0" total="169" passed="146" failed="23" skipped="0">
  <reporter-output>
  </reporter-output>
  <suite started-at="2024-12-27T16:16:52 IST" name="Default suite" finished-at="2024-12-27T16:49:04 IST" duration-ms="1932133">
    <groups>
    </groups>
    <test started-at="2024-12-27T16:16:52 IST" name="Default test" finished-at="2024-12-27T16:49:04 IST" duration-ms="1932133">
      <class name="executionClasses.FormTest">
        <test-method is-config="true" signature="loadBrowser()[pri:0, instance:executionClasses.FormTest@5fdcaa40]" started-at="2024-12-27T16:16:53 IST" name="loadBrowser" finished-at="2024-12-27T16:16:59 IST" duration-ms="5932" status="PASS">
          <reporter-output>
          </reporter-output>
        </test-method> <!-- loadBrowser -->
        <test-method signature="test(java.lang.String,java.lang.String,java.lang.String,java.lang.String,java.lang.String,java.lang.String,java.lang.String,java.lang.String,java.lang.String,java.lang.String,java.lang.String,java.lang.String,java.lang.String,java.lang.String)[pri:0, instance:executionClasses.FormTest@5fdcaa40]" started-at="2024-12-27T16:16:59 IST" name="test" data-provider="dp" finished-at="2024-12-27T16:17:06 IST" duration-ms="7228" status="PASS">
          <params>
            <param index="0">
              <value>
                <![CDATA[Harry]]>
              </value>
            </param>
            <param index="1">
              <value>
                <![CDATA[Potter]]>
              </value>
            </param>
            <param index="2">
              <value>
                <![CDATA[Qualizeal@gmail.com]]>
              </value>
            </param>
            <param index="3">
              <value>
                <![CDATA[Male]]>
              </value>
            </param>
            <param index="4">
              <value>
                <![CDATA[9876545687]]>
              </value>
            </param>
            <param index="5">
              <value>
                <![CDATA[Hindi]]>
              </value>
            </param>
            <param index="6">
              <value>
                <![CDATA[TRUE]]>
              </value>
            </param>
            <param index="7">
              <value>
                <![CDATA[TRUE]]>
              </value>
            </param>
            <param index="8">
              <value>
                <![CDATA[TRUE]]>
              </value>
            </param>
            <param index="9">
              <value>
                <![CDATA[./File//image2.png]]>
              </value>
            </param>
            <param index="10">
              <value>
                <![CDATA[Hyderabad]]>
              </value>
            </param>
            <param index="11">
              <value>
                <![CDATA[Haryana]]>
              </value>
            </param>
            <param index="12">
              <value>
                <![CDATA[Karnal]]>
              </value>
            </param>
            <param index="13">
              <value>
                <![CDATA[yes]]>
              </value>
            </param>
          </params>
          <reporter-output>
          </reporter-output>
        </test-method> <!-- test -->
        <test-method is-config="true" signature="close()[pri:0, instance:executionClasses.FormTest@5fdcaa40]" started-at="2024-12-27T16:17:06 IST" name="close" finished-at="2024-12-27T16:17:06 IST" duration-ms="156" status="PASS">
          <reporter-output>
          </reporter-output>
        </test-method> <!-- close -->
        <test-method is-config="true" signature="loadBrowser()[pri:0, instance:executionClasses.FormTest@5fdcaa40]" started-at="2024-12-27T16:17:06 IST" name="loadBrowser" finished-at="2024-12-27T16:17:12 IST" duration-ms="5313" status="PASS">
          <reporter-output>
          </reporter-output>
        </test-method> <!-- loadBrowser -->
        <test-method signature="test(java.lang.String,java.lang.String,java.lang.String,java.lang.String,java.lang.String,java.lang.String,java.lang.String,java.lang.String,java.lang.String,java.lang.String,java.lang.String,java.lang.String,java.lang.String,java.lang.String)[pri:0, instance:executionClasses.FormTest@5fdcaa40]" started-at="2024-12-27T16:17:12 IST" name="test" data-provider="dp" finished-at="2024-12-27T16:17:19 IST" duration-ms="6951" status="PASS">
          <params>
            <param index="0">
              <value>
                <![CDATA[Harry]]>
              </value>
            </param>
            <param index="1">
              <value>
                <![CDATA[Potter]]>
              </value>
            </param>
            <param index="2">
              <value>
                <![CDATA[Qualizeal@gmail.com]]>
              </value>
            </param>
            <param index="3">
              <value>
                <![CDATA[Male]]>
              </value>
            </param>
            <param index="4">
              <value>
                <![CDATA[9876545687]]>
              </value>
            </param>
            <param index="5">
              <value>
                <![CDATA[]]>
              </value>
            </param>
            <param index="6">
              <value>
                <![CDATA[TRUE]]>
              </value>
            </param>
            <param index="7">
              <value>
                <![CDATA[TRUE]]>
              </value>
            </param>
            <param index="8">
              <value>
                <![CDATA[TRUE]]>
              </value>
            </param>
            <param index="9">
              <value>
                <![CDATA[./File//image2.png]]>
              </value>
            </param>
            <param index="10">
              <value>
                <![CDATA[Hyderabad]]>
              </value>
            </param>
            <param index="11">
              <value>
                <![CDATA[Haryana]]>
              </value>
            </param>
            <param index="12">
              <value>
                <![CDATA[Karnal]]>
              </value>
            </param>
            <param index="13">
              <value>
                <![CDATA[yes]]>
              </value>
            </param>
          </params>
          <reporter-output>
          </reporter-output>
        </test-method> <!-- test -->
        <test-method is-config="true" signature="close()[pri:0, instance:executionClasses.FormTest@5fdcaa40]" started-at="2024-12-27T16:17:19 IST" name="close" finished-at="2024-12-27T16:17:19 IST" duration-ms="141" status="PASS">
          <reporter-output>
          </reporter-output>
        </test-method> <!-- close -->
        <test-method is-config="true" signature="loadBrowser()[pri:0, instance:executionClasses.FormTest@5fdcaa40]" started-at="2024-12-27T16:17:19 IST" name="loadBrowser" finished-at="2024-12-27T16:17:24 IST" duration-ms="4979" status="PASS">
          <reporter-output>
          </reporter-output>
        </test-method> <!-- loadBrowser -->
        <test-method signature="test(java.lang.String,java.lang.String,java.lang.String,java.lang.String,java.lang.String,java.lang.String,java.lang.String,java.lang.String,java.lang.String,java.lang.String,java.lang.String,java.lang.String,java.lang.String,java.lang.String)[pri:0, instance:executionClasses.FormTest@5fdcaa40]" started-at="2024-12-27T16:17:24 IST" name="test" data-provider="dp" finished-at="2024-12-27T16:17:31 IST" duration-ms="6865" status="PASS">
          <params>
            <param index="0">
              <value>
                <![CDATA[Harry]]>
              </value>
            </param>
            <param index="1">
              <value>
                <![CDATA[Potter]]>
              </value>
            </param>
            <param index="2">
              <value>
                <![CDATA[Qualizeal@gmail.com]]>
              </value>
            </param>
            <param index="3">
              <value>
                <![CDATA[Male]]>
              </value>
            </param>
            <param index="4">
              <value>
                <![CDATA[9876545687]]>
              </value>
            </param>
            <param index="5">
              <value>
                <![CDATA[Hindi]]>
              </value>
            </param>
            <param index="6">
              <value>
                <![CDATA[]]>
              </value>
            </param>
            <param index="7">
              <value>
                <![CDATA[TRUE]]>
              </value>
            </param>
            <param index="8">
              <value>
                <![CDATA[TRUE]]>
              </value>
            </param>
            <param index="9">
              <value>
                <![CDATA[./File//image2.png]]>
              </value>
            </param>
            <param index="10">
              <value>
                <![CDATA[Hyderabad]]>
              </value>
            </param>
            <param index="11">
              <value>
                <![CDATA[Haryana]]>
              </value>
            </param>
            <param index="12">
              <value>
                <![CDATA[Karnal]]>
              </value>
            </param>
            <param index="13">
              <value>
                <![CDATA[yes]]>
              </value>
            </param>
          </params>
          <reporter-output>
          </reporter-output>
        </test-method> <!-- test -->
        <test-method is-config="true" signature="close()[pri:0, instance:executionClasses.FormTest@5fdcaa40]" started-at="2024-12-27T16:17:31 IST" name="close" finished-at="2024-12-27T16:17:31 IST" duration-ms="184" status="PASS">
          <reporter-output>
          </reporter-output>
        </test-method> <!-- close -->
        <test-method is-config="true" signature="loadBrowser()[pri:0, instance:executionClasses.FormTest@5fdcaa40]" started-at="2024-12-27T16:17:31 IST" name="loadBrowser" finished-at="2024-12-27T16:17:36 IST" duration-ms="5249" status="PASS">
          <reporter-output>
          </reporter-output>
        </test-method> <!-- loadBrowser -->
        <test-method signature="test(java.lang.String,java.lang.String,java.lang.String,java.lang.String,java.lang.String,java.lang.String,java.lang.String,java.lang.String,java.lang.String,java.lang.String,java.lang.String,java.lang.String,java.lang.String,java.lang.String)[pri:0, instance:executionClasses.FormTest@5fdcaa40]" started-at="2024-12-27T16:17:36 IST" name="test" data-provider="dp" finished-at="2024-12-27T16:17:43 IST" duration-ms="6852" status="PASS">
          <params>
            <param index="0">
              <value>
                <![CDATA[Harry]]>
              </value>
            </param>
            <param index="1">
              <value>
                <![CDATA[Potter]]>
              </value>
            </param>
            <param index="2">
              <value>
                <![CDATA[Qualizeal@gmail.com]]>
              </value>
            </param>
            <param index="3">
              <value>
                <![CDATA[Male]]>
              </value>
            </param>
            <param index="4">
              <value>
                <![CDATA[9876545687]]>
              </value>
            </param>
            <param index="5">
              <value>
                <![CDATA[Hindi]]>
              </value>
            </param>
            <param index="6">
              <value>
                <![CDATA[TRUE]]>
              </value>
            </param>
            <param index="7">
              <value>
                <![CDATA[TRUE]]>
              </value>
            </param>
            <param index="8">
              <value>
                <![CDATA[TRUE]]>
              </value>
            </param>
            <param index="9">
              <value>
                <![CDATA[]]>
              </value>
            </param>
            <param index="10">
              <value>
                <![CDATA[Hyderabad]]>
              </value>
            </param>
            <param index="11">
              <value>
                <![CDATA[Haryana]]>
              </value>
            </param>
            <param index="12">
              <value>
                <![CDATA[Karnal]]>
              </value>
            </param>
            <param index="13">
              <value>
                <![CDATA[yes]]>
              </value>
            </param>
          </params>
          <reporter-output>
          </reporter-output>
        </test-method> <!-- test -->
        <test-method is-config="true" signature="close()[pri:0, instance:executionClasses.FormTest@5fdcaa40]" started-at="2024-12-27T16:17:43 IST" name="close" finished-at="2024-12-27T16:17:43 IST" duration-ms="156" status="PASS">
          <reporter-output>
          </reporter-output>
        </test-method> <!-- close -->
        <test-method is-config="true" signature="loadBrowser()[pri:0, instance:executionClasses.FormTest@5fdcaa40]" started-at="2024-12-27T16:17:43 IST" name="loadBrowser" finished-at="2024-12-27T16:17:50 IST" duration-ms="6906" status="PASS">
          <reporter-output>
          </reporter-output>
        </test-method> <!-- loadBrowser -->
        <test-method signature="test(java.lang.String,java.lang.String,java.lang.String,java.lang.String,java.lang.String,java.lang.String,java.lang.String,java.lang.String,java.lang.String,java.lang.String,java.lang.String,java.lang.String,java.lang.String,java.lang.String)[pri:0, instance:executionClasses.FormTest@5fdcaa40]" started-at="2024-12-27T16:17:50 IST" name="test" data-provider="dp" finished-at="2024-12-27T16:17:56 IST" duration-ms="6589" status="PASS">
          <params>
            <param index="0">
              <value>
                <![CDATA[]]>
              </value>
            </param>
            <param index="1">
              <value>
                <![CDATA[Potter]]>
              </value>
            </param>
            <param index="2">
              <value>
                <![CDATA[Qualizeal@gmail.com]]>
              </value>
            </param>
            <param index="3">
              <value>
                <![CDATA[Male]]>
              </value>
            </param>
            <param index="4">
              <value>
                <![CDATA[9876545687]]>
              </value>
            </param>
            <param index="5">
              <value>
                <![CDATA[Hindi]]>
              </value>
            </param>
            <param index="6">
              <value>
                <![CDATA[TRUE]]>
              </value>
            </param>
            <param index="7">
              <value>
                <![CDATA[TRUE]]>
              </value>
            </param>
            <param index="8">
              <value>
                <![CDATA[TRUE]]>
              </value>
            </param>
            <param index="9">
              <value>
                <![CDATA[./File//image2.png]]>
              </value>
            </param>
            <param index="10">
              <value>
                <![CDATA[Hyderabad]]>
              </value>
            </param>
            <param index="11">
              <value>
                <![CDATA[Haryana]]>
              </value>
            </param>
            <param index="12">
              <value>
                <![CDATA[Karnal]]>
              </value>
            </param>
            <param index="13">
              <value>
                <![CDATA[yes]]>
              </value>
            </param>
          </params>
          <reporter-output>
          </reporter-output>
        </test-method> <!-- test -->
        <test-method is-config="true" signature="close()[pri:0, instance:executionClasses.FormTest@5fdcaa40]" started-at="2024-12-27T16:17:56 IST" name="close" finished-at="2024-12-27T16:17:57 IST" duration-ms="159" status="PASS">
          <reporter-output>
          </reporter-output>
        </test-method> <!-- close -->
        <test-method is-config="true" signature="loadBrowser()[pri:0, instance:executionClasses.FormTest@5fdcaa40]" started-at="2024-12-27T16:17:57 IST" name="loadBrowser" finished-at="2024-12-27T16:18:02 IST" duration-ms="5209" status="PASS">
          <reporter-output>
          </reporter-output>
        </test-method> <!-- loadBrowser -->
        <test-method signature="test(java.lang.String,java.lang.String,java.lang.String,java.lang.String,java.lang.String,java.lang.String,java.lang.String,java.lang.String,java.lang.String,java.lang.String,java.lang.String,java.lang.String,java.lang.String,java.lang.String)[pri:0, instance:executionClasses.FormTest@5fdcaa40]" started-at="2024-12-27T16:18:02 IST" name="test" data-provider="dp" finished-at="2024-12-27T16:18:09 IST" duration-ms="6834" status="PASS">
          <params>
            <param index="0">
              <value>
                <![CDATA[]]>
              </value>
            </param>
            <param index="1">
              <value>
                <![CDATA[]]>
              </value>
            </param>
            <param index="2">
              <value>
                <![CDATA[Qualizeal@gmail.com]]>
              </value>
            </param>
            <param index="3">
              <value>
                <![CDATA[Male]]>
              </value>
            </param>
            <param index="4">
              <value>
                <![CDATA[9876545687]]>
              </value>
            </param>
            <param index="5">
              <value>
                <![CDATA[Hindi]]>
              </value>
            </param>
            <param index="6">
              <value>
                <![CDATA[TRUE]]>
              </value>
            </param>
            <param index="7">
              <value>
                <![CDATA[TRUE]]>
              </value>
            </param>
            <param index="8">
              <value>
                <![CDATA[TRUE]]>
              </value>
            </param>
            <param index="9">
              <value>
                <![CDATA[./File//image2.png]]>
              </value>
            </param>
            <param index="10">
              <value>
                <![CDATA[Hyderabad]]>
              </value>
            </param>
            <param index="11">
              <value>
                <![CDATA[Haryana]]>
              </value>
            </param>
            <param index="12">
              <value>
                <![CDATA[Karnal]]>
              </value>
            </param>
            <param index="13">
              <value>
                <![CDATA[yes]]>
              </value>
            </param>
          </params>
          <reporter-output>
          </reporter-output>
        </test-method> <!-- test -->
        <test-method is-config="true" signature="close()[pri:0, instance:executionClasses.FormTest@5fdcaa40]" started-at="2024-12-27T16:18:09 IST" name="close" finished-at="2024-12-27T16:18:09 IST" duration-ms="145" status="PASS">
          <reporter-output>
          </reporter-output>
        </test-method> <!-- close -->
        <test-method is-config="true" signature="loadBrowser()[pri:0, instance:executionClasses.FormTest@5fdcaa40]" started-at="2024-12-27T16:18:09 IST" name="loadBrowser" finished-at="2024-12-27T16:18:16 IST" duration-ms="7230" status="PASS">
          <reporter-output>
          </reporter-output>
        </test-method> <!-- loadBrowser -->
        <test-method signature="test(java.lang.String,java.lang.String,java.lang.String,java.lang.String,java.lang.String,java.lang.String,java.lang.String,java.lang.String,java.lang.String,java.lang.String,java.lang.String,java.lang.String,java.lang.String,java.lang.String)[pri:0, instance:executionClasses.FormTest@5fdcaa40]" started-at="2024-12-27T16:18:16 IST" name="test" data-provider="dp" finished-at="2024-12-27T16:18:23 IST" duration-ms="6474" status="PASS">
          <params>
            <param index="0">
              <value>
                <![CDATA[]]>
              </value>
            </param>
            <param index="1">
              <value>
                <![CDATA[]]>
              </value>
            </param>
            <param index="2">
              <value>
                <![CDATA[]]>
              </value>
            </param>
            <param index="3">
              <value>
                <![CDATA[]]>
              </value>
            </param>
            <param index="4">
              <value>
                <![CDATA[9876545687]]>
              </value>
            </param>
            <param index="5">
              <value>
                <![CDATA[Hindi]]>
              </value>
            </param>
            <param index="6">
              <value>
                <![CDATA[TRUE]]>
              </value>
            </param>
            <param index="7">
              <value>
                <![CDATA[TRUE]]>
              </value>
            </param>
            <param index="8">
              <value>
                <![CDATA[TRUE]]>
              </value>
            </param>
            <param index="9">
              <value>
                <![CDATA[./File//image2.png]]>
              </value>
            </param>
            <param index="10">
              <value>
                <![CDATA[Hyderabad]]>
              </value>
            </param>
            <param index="11">
              <value>
                <![CDATA[Haryana]]>
              </value>
            </param>
            <param index="12">
              <value>
                <![CDATA[Karnal]]>
              </value>
            </param>
            <param index="13">
              <value>
                <![CDATA[yes]]>
              </value>
            </param>
          </params>
          <reporter-output>
          </reporter-output>
        </test-method> <!-- test -->
        <test-method is-config="true" signature="close()[pri:0, instance:executionClasses.FormTest@5fdcaa40]" started-at="2024-12-27T16:18:23 IST" name="close" finished-at="2024-12-27T16:18:23 IST" duration-ms="185" status="PASS">
          <reporter-output>
          </reporter-output>
        </test-method> <!-- close -->
        <test-method is-config="true" signature="loadBrowser()[pri:0, instance:executionClasses.FormTest@5fdcaa40]" started-at="2024-12-27T16:18:23 IST" name="loadBrowser" finished-at="2024-12-27T16:18:29 IST" duration-ms="6132" status="PASS">
          <reporter-output>
          </reporter-output>
        </test-method> <!-- loadBrowser -->
        <test-method signature="test(java.lang.String,java.lang.String,java.lang.String,java.lang.String,java.lang.String,java.lang.String,java.lang.String,java.lang.String,java.lang.String,java.lang.String,java.lang.String,java.lang.String,java.lang.String,java.lang.String)[pri:0, instance:executionClasses.FormTest@5fdcaa40]" started-at="2024-12-27T16:18:29 IST" name="test" data-provider="dp" finished-at="2024-12-27T16:18:35 IST" duration-ms="6195" status="FAIL">
          <params>
            <param index="0">
              <value>
                <![CDATA[]]>
              </value>
            </param>
            <param index="1">
              <value>
                <![CDATA[]]>
              </value>
            </param>
            <param index="2">
              <value>
                <![CDATA[]]>
              </value>
            </param>
            <param index="3">
              <value>
                <![CDATA[]]>
              </value>
            </param>
            <param index="4">
              <value>
                <![CDATA[]]>
              </value>
            </param>
            <param index="5">
              <value>
                <![CDATA[Hindi]]>
              </value>
            </param>
            <param index="6">
              <value>
                <![CDATA[TRUE]]>
              </value>
            </param>
            <param index="7">
              <value>
                <![CDATA[TRUE]]>
              </value>
            </param>
            <param index="8">
              <value>
                <![CDATA[TRUE]]>
              </value>
            </param>
            <param index="9">
              <value>
                <![CDATA[./File//image2.png]]>
              </value>
            </param>
            <param index="10">
              <value>
                <![CDATA[Hyderabad]]>
              </value>
            </param>
            <param index="11">
              <value>
                <![CDATA[Haryana]]>
              </value>
            </param>
            <param index="12">
              <value>
                <![CDATA[Karnal]]>
              </value>
            </param>
            <param index="13">
              <value>
                <![CDATA[yes]]>
              </value>
            </param>
          </params>
          <exception class="java.lang.AssertionError">
            <message>
              <![CDATA[mobile number is Mandatory expected [rgb(40, 167, 69)] but found [rgb(220, 53, 69)]]]>
            </message>
            <full-stacktrace>
              <![CDATA[java.lang.AssertionError: mobile number is Mandatory expected [rgb(40, 167, 69)] but found [rgb(220, 53, 69)]
at org.testng.Assert.fail(Assert.java:99)
at org.testng.Assert.failNotEquals(Assert.java:1037)
at org.testng.Assert.assertEqualsImpl(Assert.java:140)
at org.testng.Assert.assertEquals(Assert.java:122)
at org.testng.Assert.assertEquals(Assert.java:629)
at utils.TestNGHelpers.validateUsingAsserts(TestNGHelpers.java:36)
at executionClasses.FormTest.test(FormTest.java:42)
at java.base/jdk.internal.reflect.NativeMethodAccessorImpl.invoke0(Native Method)
at java.base/jdk.internal.reflect.NativeMethodAccessorImpl.invoke(NativeMethodAccessorImpl.java:77)
at java.base/jdk.internal.reflect.DelegatingMethodAccessorImpl.invoke(DelegatingMethodAccessorImpl.java:43)
at java.base/java.lang.reflect.Method.invoke(Method.java:568)
at org.testng.internal.MethodInvocationHelper.invokeMethod(MethodInvocationHelper.java:133)
at org.testng.internal.TestInvoker.invokeMethod(TestInvoker.java:598)
at org.testng.internal.TestInvoker.invokeTestMethod(TestInvoker.java:173)
at org.testng.internal.MethodRunner.runInSequence(MethodRunner.java:46)
at org.testng.internal.TestInvoker$MethodInvocationAgent.invoke(TestInvoker.java:824)
at org.testng.internal.TestInvoker.invokeTestMethods(TestInvoker.java:146)
at org.testng.internal.TestMethodWorker.invokeTestMethods(TestMethodWorker.java:146)
at org.testng.internal.TestMethodWorker.run(TestMethodWorker.java:128)
at java.base/java.util.ArrayList.forEach(ArrayList.java:1511)
at org.testng.TestRunner.privateRun(TestRunner.java:794)
at org.testng.TestRunner.run(TestRunner.java:596)
at org.testng.SuiteRunner.runTest(SuiteRunner.java:377)
at org.testng.SuiteRunner.runSequentially(SuiteRunner.java:371)
at org.testng.SuiteRunner.privateRun(SuiteRunner.java:332)
at org.testng.SuiteRunner.run(SuiteRunner.java:276)
at org.testng.SuiteRunnerWorker.runSuite(SuiteRunnerWorker.java:53)
at org.testng.SuiteRunnerWorker.run(SuiteRunnerWorker.java:96)
at org.testng.TestNG.runSuitesSequentially(TestNG.java:1212)
at org.testng.TestNG.runSuitesLocally(TestNG.java:1134)
at org.testng.TestNG.runSuites(TestNG.java:1063)
at org.testng.TestNG.run(TestNG.java:1031)
at org.testng.remote.AbstractRemoteTestNG.run(AbstractRemoteTestNG.java:115)
at org.testng.remote.RemoteTestNG.initAndRun(RemoteTestNG.java:293)
at org.testng.remote.RemoteTestNG.main(RemoteTestNG.java:91)
]]>
            </full-stacktrace>
          </exception> <!-- java.lang.AssertionError -->
          <reporter-output>
          </reporter-output>
        </test-method> <!-- test -->
        <test-method is-config="true" signature="close()[pri:0, instance:executionClasses.FormTest@5fdcaa40]" started-at="2024-12-27T16:18:35 IST" name="close" finished-at="2024-12-27T16:18:35 IST" duration-ms="145" status="PASS">
          <reporter-output>
          </reporter-output>
        </test-method> <!-- close -->
        <test-method is-config="true" signature="loadBrowser()[pri:0, instance:executionClasses.FormTest@5fdcaa40]" started-at="2024-12-27T16:18:35 IST" name="loadBrowser" finished-at="2024-12-27T16:18:40 IST" duration-ms="4668" status="PASS">
          <reporter-output>
          </reporter-output>
        </test-method> <!-- loadBrowser -->
        <test-method signature="test(java.lang.String,java.lang.String,java.lang.String,java.lang.String,java.lang.String,java.lang.String,java.lang.String,java.lang.String,java.lang.String,java.lang.String,java.lang.String,java.lang.String,java.lang.String,java.lang.String)[pri:0, instance:executionClasses.FormTest@5fdcaa40]" started-at="2024-12-27T16:18:40 IST" name="test" data-provider="dp" finished-at="2024-12-27T16:18:46 IST" duration-ms="6302" status="PASS">
          <params>
            <param index="0">
              <value>
                <![CDATA[Harry]]>
              </value>
            </param>
            <param index="1">
              <value>
                <![CDATA[]]>
              </value>
            </param>
            <param index="2">
              <value>
                <![CDATA[Qualizeal@gmail.com]]>
              </value>
            </param>
            <param index="3">
              <value>
                <![CDATA[Male]]>
              </value>
            </param>
            <param index="4">
              <value>
                <![CDATA[9876545687]]>
              </value>
            </param>
            <param index="5">
              <value>
                <![CDATA[Hindi]]>
              </value>
            </param>
            <param index="6">
              <value>
                <![CDATA[TRUE]]>
              </value>
            </param>
            <param index="7">
              <value>
                <![CDATA[TRUE]]>
              </value>
            </param>
            <param index="8">
              <value>
                <![CDATA[TRUE]]>
              </value>
            </param>
            <param index="9">
              <value>
                <![CDATA[./File//image2.png]]>
              </value>
            </param>
            <param index="10">
              <value>
                <![CDATA[Hyderabad]]>
              </value>
            </param>
            <param index="11">
              <value>
                <![CDATA[Haryana]]>
              </value>
            </param>
            <param index="12">
              <value>
                <![CDATA[Karnal]]>
              </value>
            </param>
            <param index="13">
              <value>
                <![CDATA[yes]]>
              </value>
            </param>
          </params>
          <reporter-output>
          </reporter-output>
        </test-method> <!-- test -->
        <test-method is-config="true" signature="close()[pri:0, instance:executionClasses.FormTest@5fdcaa40]" started-at="2024-12-27T16:18:46 IST" name="close" finished-at="2024-12-27T16:18:46 IST" duration-ms="122" status="PASS">
          <reporter-output>
          </reporter-output>
        </test-method> <!-- close -->
        <test-method is-config="true" signature="loadBrowser()[pri:0, instance:executionClasses.FormTest@5fdcaa40]" started-at="2024-12-27T16:18:46 IST" name="loadBrowser" finished-at="2024-12-27T16:18:51 IST" duration-ms="4993" status="PASS">
          <reporter-output>
          </reporter-output>
        </test-method> <!-- loadBrowser -->
        <test-method signature="test(java.lang.String,java.lang.String,java.lang.String,java.lang.String,java.lang.String,java.lang.String,java.lang.String,java.lang.String,java.lang.String,java.lang.String,java.lang.String,java.lang.String,java.lang.String,java.lang.String)[pri:0, instance:executionClasses.FormTest@5fdcaa40]" started-at="2024-12-27T16:18:51 IST" name="test" data-provider="dp" finished-at="2024-12-27T16:18:57 IST" duration-ms="6218" status="PASS">
          <params>
            <param index="0">
              <value>
                <![CDATA[Harry]]>
              </value>
            </param>
            <param index="1">
              <value>
                <![CDATA[]]>
              </value>
            </param>
            <param index="2">
              <value>
                <![CDATA[]]>
              </value>
            </param>
            <param index="3">
              <value>
                <![CDATA[Male]]>
              </value>
            </param>
            <param index="4">
              <value>
                <![CDATA[9876545687]]>
              </value>
            </param>
            <param index="5">
              <value>
                <![CDATA[Hindi]]>
              </value>
            </param>
            <param index="6">
              <value>
                <![CDATA[TRUE]]>
              </value>
            </param>
            <param index="7">
              <value>
                <![CDATA[TRUE]]>
              </value>
            </param>
            <param index="8">
              <value>
                <![CDATA[TRUE]]>
              </value>
            </param>
            <param index="9">
              <value>
                <![CDATA[./File//image2.png]]>
              </value>
            </param>
            <param index="10">
              <value>
                <![CDATA[Hyderabad]]>
              </value>
            </param>
            <param index="11">
              <value>
                <![CDATA[Haryana]]>
              </value>
            </param>
            <param index="12">
              <value>
                <![CDATA[Karnal]]>
              </value>
            </param>
            <param index="13">
              <value>
                <![CDATA[yes]]>
              </value>
            </param>
          </params>
          <reporter-output>
          </reporter-output>
        </test-method> <!-- test -->
        <test-method is-config="true" signature="close()[pri:0, instance:executionClasses.FormTest@5fdcaa40]" started-at="2024-12-27T16:18:57 IST" name="close" finished-at="2024-12-27T16:18:58 IST" duration-ms="131" status="PASS">
          <reporter-output>
          </reporter-output>
        </test-method> <!-- close -->
        <test-method is-config="true" signature="loadBrowser()[pri:0, instance:executionClasses.FormTest@5fdcaa40]" started-at="2024-12-27T16:18:58 IST" name="loadBrowser" finished-at="2024-12-27T16:19:02 IST" duration-ms="4364" status="PASS">
          <reporter-output>
          </reporter-output>
        </test-method> <!-- loadBrowser -->
        <test-method signature="test(java.lang.String,java.lang.String,java.lang.String,java.lang.String,java.lang.String,java.lang.String,java.lang.String,java.lang.String,java.lang.String,java.lang.String,java.lang.String,java.lang.String,java.lang.String,java.lang.String)[pri:0, instance:executionClasses.FormTest@5fdcaa40]" started-at="2024-12-27T16:19:02 IST" name="test" data-provider="dp" finished-at="2024-12-27T16:19:08 IST" duration-ms="6223" status="PASS">
          <params>
            <param index="0">
              <value>
                <![CDATA[Harry]]>
              </value>
            </param>
            <param index="1">
              <value>
                <![CDATA[]]>
              </value>
            </param>
            <param index="2">
              <value>
                <![CDATA[]]>
              </value>
            </param>
            <param index="3">
              <value>
                <![CDATA[]]>
              </value>
            </param>
            <param index="4">
              <value>
                <![CDATA[9876545687]]>
              </value>
            </param>
            <param index="5">
              <value>
                <![CDATA[Hindi]]>
              </value>
            </param>
            <param index="6">
              <value>
                <![CDATA[TRUE]]>
              </value>
            </param>
            <param index="7">
              <value>
                <![CDATA[TRUE]]>
              </value>
            </param>
            <param index="8">
              <value>
                <![CDATA[TRUE]]>
              </value>
            </param>
            <param index="9">
              <value>
                <![CDATA[./File//image2.png]]>
              </value>
            </param>
            <param index="10">
              <value>
                <![CDATA[Hyderabad]]>
              </value>
            </param>
            <param index="11">
              <value>
                <![CDATA[Haryana]]>
              </value>
            </param>
            <param index="12">
              <value>
                <![CDATA[Karnal]]>
              </value>
            </param>
            <param index="13">
              <value>
                <![CDATA[yes]]>
              </value>
            </param>
          </params>
          <reporter-output>
          </reporter-output>
        </test-method> <!-- test -->
        <test-method is-config="true" signature="close()[pri:0, instance:executionClasses.FormTest@5fdcaa40]" started-at="2024-12-27T16:19:08 IST" name="close" finished-at="2024-12-27T16:19:08 IST" duration-ms="121" status="PASS">
          <reporter-output>
          </reporter-output>
        </test-method> <!-- close -->
        <test-method is-config="true" signature="loadBrowser()[pri:0, instance:executionClasses.FormTest@5fdcaa40]" started-at="2024-12-27T16:19:08 IST" name="loadBrowser" finished-at="2024-12-27T16:19:13 IST" duration-ms="5025" status="PASS">
          <reporter-output>
          </reporter-output>
        </test-method> <!-- loadBrowser -->
        <test-method signature="test(java.lang.String,java.lang.String,java.lang.String,java.lang.String,java.lang.String,java.lang.String,java.lang.String,java.lang.String,java.lang.String,java.lang.String,java.lang.String,java.lang.String,java.lang.String,java.lang.String)[pri:0, instance:executionClasses.FormTest@5fdcaa40]" started-at="2024-12-27T16:19:13 IST" name="test" data-provider="dp" finished-at="2024-12-27T16:19:20 IST" duration-ms="6218" status="FAIL">
          <params>
            <param index="0">
              <value>
                <![CDATA[Harry]]>
              </value>
            </param>
            <param index="1">
              <value>
                <![CDATA[]]>
              </value>
            </param>
            <param index="2">
              <value>
                <![CDATA[]]>
              </value>
            </param>
            <param index="3">
              <value>
                <![CDATA[]]>
              </value>
            </param>
            <param index="4">
              <value>
                <![CDATA[]]>
              </value>
            </param>
            <param index="5">
              <value>
                <![CDATA[Hindi]]>
              </value>
            </param>
            <param index="6">
              <value>
                <![CDATA[TRUE]]>
              </value>
            </param>
            <param index="7">
              <value>
                <![CDATA[TRUE]]>
              </value>
            </param>
            <param index="8">
              <value>
                <![CDATA[TRUE]]>
              </value>
            </param>
            <param index="9">
              <value>
                <![CDATA[./File//image2.png]]>
              </value>
            </param>
            <param index="10">
              <value>
                <![CDATA[Hyderabad]]>
              </value>
            </param>
            <param index="11">
              <value>
                <![CDATA[Haryana]]>
              </value>
            </param>
            <param index="12">
              <value>
                <![CDATA[Karnal]]>
              </value>
            </param>
            <param index="13">
              <value>
                <![CDATA[yes]]>
              </value>
            </param>
          </params>
          <exception class="java.lang.AssertionError">
            <message>
              <![CDATA[mobile number is Mandatory expected [rgb(40, 167, 69)] but found [rgb(220, 53, 69)]]]>
            </message>
            <full-stacktrace>
              <![CDATA[java.lang.AssertionError: mobile number is Mandatory expected [rgb(40, 167, 69)] but found [rgb(220, 53, 69)]
at org.testng.Assert.fail(Assert.java:99)
at org.testng.Assert.failNotEquals(Assert.java:1037)
at org.testng.Assert.assertEqualsImpl(Assert.java:140)
at org.testng.Assert.assertEquals(Assert.java:122)
at org.testng.Assert.assertEquals(Assert.java:629)
at utils.TestNGHelpers.validateUsingAsserts(TestNGHelpers.java:36)
at executionClasses.FormTest.test(FormTest.java:42)
at java.base/jdk.internal.reflect.NativeMethodAccessorImpl.invoke0(Native Method)
at java.base/jdk.internal.reflect.NativeMethodAccessorImpl.invoke(NativeMethodAccessorImpl.java:77)
at java.base/jdk.internal.reflect.DelegatingMethodAccessorImpl.invoke(DelegatingMethodAccessorImpl.java:43)
at java.base/java.lang.reflect.Method.invoke(Method.java:568)
at org.testng.internal.MethodInvocationHelper.invokeMethod(MethodInvocationHelper.java:133)
at org.testng.internal.TestInvoker.invokeMethod(TestInvoker.java:598)
at org.testng.internal.TestInvoker.invokeTestMethod(TestInvoker.java:173)
at org.testng.internal.MethodRunner.runInSequence(MethodRunner.java:46)
at org.testng.internal.TestInvoker$MethodInvocationAgent.invoke(TestInvoker.java:824)
at org.testng.internal.TestInvoker.invokeTestMethods(TestInvoker.java:146)
at org.testng.internal.TestMethodWorker.invokeTestMethods(TestMethodWorker.java:146)
at org.testng.internal.TestMethodWorker.run(TestMethodWorker.java:128)
at java.base/java.util.ArrayList.forEach(ArrayList.java:1511)
at org.testng.TestRunner.privateRun(TestRunner.java:794)
at org.testng.TestRunner.run(TestRunner.java:596)
at org.testng.SuiteRunner.runTest(SuiteRunner.java:377)
at org.testng.SuiteRunner.runSequentially(SuiteRunner.java:371)
at org.testng.SuiteRunner.privateRun(SuiteRunner.java:332)
at org.testng.SuiteRunner.run(SuiteRunner.java:276)
at org.testng.SuiteRunnerWorker.runSuite(SuiteRunnerWorker.java:53)
at org.testng.SuiteRunnerWorker.run(SuiteRunnerWorker.java:96)
at org.testng.TestNG.runSuitesSequentially(TestNG.java:1212)
at org.testng.TestNG.runSuitesLocally(TestNG.java:1134)
at org.testng.TestNG.runSuites(TestNG.java:1063)
at org.testng.TestNG.run(TestNG.java:1031)
at org.testng.remote.AbstractRemoteTestNG.run(AbstractRemoteTestNG.java:115)
at org.testng.remote.RemoteTestNG.initAndRun(RemoteTestNG.java:293)
at org.testng.remote.RemoteTestNG.main(RemoteTestNG.java:91)
]]>
            </full-stacktrace>
          </exception> <!-- java.lang.AssertionError -->
          <reporter-output>
          </reporter-output>
        </test-method> <!-- test -->
        <test-method is-config="true" signature="close()[pri:0, instance:executionClasses.FormTest@5fdcaa40]" started-at="2024-12-27T16:19:20 IST" name="close" finished-at="2024-12-27T16:19:20 IST" duration-ms="110" status="PASS">
          <reporter-output>
          </reporter-output>
        </test-method> <!-- close -->
        <test-method is-config="true" signature="loadBrowser()[pri:0, instance:executionClasses.FormTest@5fdcaa40]" started-at="2024-12-27T16:19:20 IST" name="loadBrowser" finished-at="2024-12-27T16:19:24 IST" duration-ms="4540" status="PASS">
          <reporter-output>
          </reporter-output>
        </test-method> <!-- loadBrowser -->
        <test-method signature="test(java.lang.String,java.lang.String,java.lang.String,java.lang.String,java.lang.String,java.lang.String,java.lang.String,java.lang.String,java.lang.String,java.lang.String,java.lang.String,java.lang.String,java.lang.String,java.lang.String)[pri:0, instance:executionClasses.FormTest@5fdcaa40]" started-at="2024-12-27T16:19:24 IST" name="test" data-provider="dp" finished-at="2024-12-27T16:19:31 IST" duration-ms="6428" status="PASS">
          <params>
            <param index="0">
              <value>
                <![CDATA[Harry]]>
              </value>
            </param>
            <param index="1">
              <value>
                <![CDATA[Potter]]>
              </value>
            </param>
            <param index="2">
              <value>
                <![CDATA[Qualizeal@gmail.com]]>
              </value>
            </param>
            <param index="3">
              <value>
                <![CDATA[Female]]>
              </value>
            </param>
            <param index="4">
              <value>
                <![CDATA[9874563218]]>
              </value>
            </param>
            <param index="5">
              <value>
                <![CDATA[Telugu]]>
              </value>
            </param>
            <param index="6">
              <value>
                <![CDATA[TRUE]]>
              </value>
            </param>
            <param index="7">
              <value>
                <![CDATA[TRUE]]>
              </value>
            </param>
            <param index="8">
              <value>
                <![CDATA[TRUE]]>
              </value>
            </param>
            <param index="9">
              <value>
                <![CDATA[./File//image2.png]]>
              </value>
            </param>
            <param index="10">
              <value>
                <![CDATA[bhimavaram]]>
              </value>
            </param>
            <param index="11">
              <value>
                <![CDATA[Haryana]]>
              </value>
            </param>
            <param index="12">
              <value>
                <![CDATA[Karnal]]>
              </value>
            </param>
            <param index="13">
              <value>
                <![CDATA[yes]]>
              </value>
            </param>
          </params>
          <reporter-output>
          </reporter-output>
        </test-method> <!-- test -->
        <test-method is-config="true" signature="close()[pri:0, instance:executionClasses.FormTest@5fdcaa40]" started-at="2024-12-27T16:19:31 IST" name="close" finished-at="2024-12-27T16:19:31 IST" duration-ms="127" status="PASS">
          <reporter-output>
          </reporter-output>
        </test-method> <!-- close -->
        <test-method is-config="true" signature="loadBrowser()[pri:0, instance:executionClasses.FormTest@5fdcaa40]" started-at="2024-12-27T16:19:31 IST" name="loadBrowser" finished-at="2024-12-27T16:19:35 IST" duration-ms="4422" status="PASS">
          <reporter-output>
          </reporter-output>
        </test-method> <!-- loadBrowser -->
        <test-method signature="test(java.lang.String,java.lang.String,java.lang.String,java.lang.String,java.lang.String,java.lang.String,java.lang.String,java.lang.String,java.lang.String,java.lang.String,java.lang.String,java.lang.String,java.lang.String,java.lang.String)[pri:0, instance:executionClasses.FormTest@5fdcaa40]" started-at="2024-12-27T16:19:35 IST" name="test" data-provider="dp" finished-at="2024-12-27T16:19:42 IST" duration-ms="6406" status="PASS">
          <params>
            <param index="0">
              <value>
                <![CDATA[Harry]]>
              </value>
            </param>
            <param index="1">
              <value>
                <![CDATA[Potter]]>
              </value>
            </param>
            <param index="2">
              <value>
                <![CDATA[abc@]]>
              </value>
            </param>
            <param index="3">
              <value>
                <![CDATA[Male]]>
              </value>
            </param>
            <param index="4">
              <value>
                <![CDATA[7896541236]]>
              </value>
            </param>
            <param index="5">
              <value>
                <![CDATA[Accounting]]>
              </value>
            </param>
            <param index="6">
              <value>
                <![CDATA[TRUE]]>
              </value>
            </param>
            <param index="7">
              <value>
                <![CDATA[TRUE]]>
              </value>
            </param>
            <param index="8">
              <value>
                <![CDATA[TRUE]]>
              </value>
            </param>
            <param index="9">
              <value>
                <![CDATA[./File//image2.png]]>
              </value>
            </param>
            <param index="10">
              <value>
                <![CDATA[bhimavaram]]>
              </value>
            </param>
            <param index="11">
              <value>
                <![CDATA[Haryana]]>
              </value>
            </param>
            <param index="12">
              <value>
                <![CDATA[Panipat]]>
              </value>
            </param>
            <param index="13">
              <value>
                <![CDATA[yes]]>
              </value>
            </param>
          </params>
          <reporter-output>
          </reporter-output>
        </test-method> <!-- test -->
        <test-method is-config="true" signature="close()[pri:0, instance:executionClasses.FormTest@5fdcaa40]" started-at="2024-12-27T16:19:42 IST" name="close" finished-at="2024-12-27T16:19:42 IST" duration-ms="132" status="PASS">
          <reporter-output>
          </reporter-output>
        </test-method> <!-- close -->
        <test-method is-config="true" signature="loadBrowser()[pri:0, instance:executionClasses.FormTest@5fdcaa40]" started-at="2024-12-27T16:19:42 IST" name="loadBrowser" finished-at="2024-12-27T16:19:46 IST" duration-ms="4386" status="PASS">
          <reporter-output>
          </reporter-output>
        </test-method> <!-- loadBrowser -->
        <test-method signature="test(java.lang.String,java.lang.String,java.lang.String,java.lang.String,java.lang.String,java.lang.String,java.lang.String,java.lang.String,java.lang.String,java.lang.String,java.lang.String,java.lang.String,java.lang.String,java.lang.String)[pri:0, instance:executionClasses.FormTest@5fdcaa40]" started-at="2024-12-27T16:19:46 IST" name="test" data-provider="dp" finished-at="2024-12-27T16:19:52 IST" duration-ms="6240" status="PASS">
          <params>
            <param index="0">
              <value>
                <![CDATA[Harry]]>
              </value>
            </param>
            <param index="1">
              <value>
                <![CDATA[]]>
              </value>
            </param>
            <param index="2">
              <value>
                <![CDATA[abc@]]>
              </value>
            </param>
            <param index="3">
              <value>
                <![CDATA[Male]]>
              </value>
            </param>
            <param index="4">
              <value>
                <![CDATA[7896541236]]>
              </value>
            </param>
            <param index="5">
              <value>
                <![CDATA[Accounting]]>
              </value>
            </param>
            <param index="6">
              <value>
                <![CDATA[TRUE]]>
              </value>
            </param>
            <param index="7">
              <value>
                <![CDATA[TRUE]]>
              </value>
            </param>
            <param index="8">
              <value>
                <![CDATA[TRUE]]>
              </value>
            </param>
            <param index="9">
              <value>
                <![CDATA[./File//image2.png]]>
              </value>
            </param>
            <param index="10">
              <value>
                <![CDATA[bhimavaram]]>
              </value>
            </param>
            <param index="11">
              <value>
                <![CDATA[Haryana]]>
              </value>
            </param>
            <param index="12">
              <value>
                <![CDATA[Panipat]]>
              </value>
            </param>
            <param index="13">
              <value>
                <![CDATA[yes]]>
              </value>
            </param>
          </params>
          <reporter-output>
          </reporter-output>
        </test-method> <!-- test -->
        <test-method is-config="true" signature="close()[pri:0, instance:executionClasses.FormTest@5fdcaa40]" started-at="2024-12-27T16:19:52 IST" name="close" finished-at="2024-12-27T16:19:53 IST" duration-ms="125" status="PASS">
          <reporter-output>
          </reporter-output>
        </test-method> <!-- close -->
        <test-method is-config="true" signature="loadBrowser()[pri:0, instance:executionClasses.FormTest@5fdcaa40]" started-at="2024-12-27T16:19:53 IST" name="loadBrowser" finished-at="2024-12-27T16:19:57 IST" duration-ms="4754" status="PASS">
          <reporter-output>
          </reporter-output>
        </test-method> <!-- loadBrowser -->
        <test-method signature="test(java.lang.String,java.lang.String,java.lang.String,java.lang.String,java.lang.String,java.lang.String,java.lang.String,java.lang.String,java.lang.String,java.lang.String,java.lang.String,java.lang.String,java.lang.String,java.lang.String)[pri:0, instance:executionClasses.FormTest@5fdcaa40]" started-at="2024-12-27T16:19:57 IST" name="test" data-provider="dp" finished-at="2024-12-27T16:20:03 IST" duration-ms="6187" status="PASS">
          <params>
            <param index="0">
              <value>
                <![CDATA[Harry]]>
              </value>
            </param>
            <param index="1">
              <value>
                <![CDATA[Potter]]>
              </value>
            </param>
            <param index="2">
              <value>
                <![CDATA[abc@]]>
              </value>
            </param>
            <param index="3">
              <value>
                <![CDATA[]]>
              </value>
            </param>
            <param index="4">
              <value>
                <![CDATA[7896541236]]>
              </value>
            </param>
            <param index="5">
              <value>
                <![CDATA[Accounting]]>
              </value>
            </param>
            <param index="6">
              <value>
                <![CDATA[TRUE]]>
              </value>
            </param>
            <param index="7">
              <value>
                <![CDATA[TRUE]]>
              </value>
            </param>
            <param index="8">
              <value>
                <![CDATA[TRUE]]>
              </value>
            </param>
            <param index="9">
              <value>
                <![CDATA[./File//image2.png]]>
              </value>
            </param>
            <param index="10">
              <value>
                <![CDATA[bhimavaram]]>
              </value>
            </param>
            <param index="11">
              <value>
                <![CDATA[Haryana]]>
              </value>
            </param>
            <param index="12">
              <value>
                <![CDATA[Panipat]]>
              </value>
            </param>
            <param index="13">
              <value>
                <![CDATA[yes]]>
              </value>
            </param>
          </params>
          <reporter-output>
          </reporter-output>
        </test-method> <!-- test -->
        <test-method is-config="true" signature="close()[pri:0, instance:executionClasses.FormTest@5fdcaa40]" started-at="2024-12-27T16:20:03 IST" name="close" finished-at="2024-12-27T16:20:04 IST" duration-ms="132" status="PASS">
          <reporter-output>
          </reporter-output>
        </test-method> <!-- close -->
        <test-method is-config="true" signature="loadBrowser()[pri:0, instance:executionClasses.FormTest@5fdcaa40]" started-at="2024-12-27T16:20:04 IST" name="loadBrowser" finished-at="2024-12-27T16:20:09 IST" duration-ms="5082" status="PASS">
          <reporter-output>
          </reporter-output>
        </test-method> <!-- loadBrowser -->
        <test-method signature="test(java.lang.String,java.lang.String,java.lang.String,java.lang.String,java.lang.String,java.lang.String,java.lang.String,java.lang.String,java.lang.String,java.lang.String,java.lang.String,java.lang.String,java.lang.String,java.lang.String)[pri:0, instance:executionClasses.FormTest@5fdcaa40]" started-at="2024-12-27T16:20:09 IST" name="test" data-provider="dp" finished-at="2024-12-27T16:20:15 IST" duration-ms="6315" status="PASS">
          <params>
            <param index="0">
              <value>
                <![CDATA[Harry]]>
              </value>
            </param>
            <param index="1">
              <value>
                <![CDATA[Potter]]>
              </value>
            </param>
            <param index="2">
              <value>
                <![CDATA[abc@]]>
              </value>
            </param>
            <param index="3">
              <value>
                <![CDATA[Female]]>
              </value>
            </param>
            <param index="4">
              <value>
                <![CDATA[7896541236]]>
              </value>
            </param>
            <param index="5">
              <value>
                <![CDATA[]]>
              </value>
            </param>
            <param index="6">
              <value>
                <![CDATA[TRUE]]>
              </value>
            </param>
            <param index="7">
              <value>
                <![CDATA[TRUE]]>
              </value>
            </param>
            <param index="8">
              <value>
                <![CDATA[TRUE]]>
              </value>
            </param>
            <param index="9">
              <value>
                <![CDATA[./File//image2.png]]>
              </value>
            </param>
            <param index="10">
              <value>
                <![CDATA[bhimavaram]]>
              </value>
            </param>
            <param index="11">
              <value>
                <![CDATA[Haryana]]>
              </value>
            </param>
            <param index="12">
              <value>
                <![CDATA[Panipat]]>
              </value>
            </param>
            <param index="13">
              <value>
                <![CDATA[yes]]>
              </value>
            </param>
          </params>
          <reporter-output>
          </reporter-output>
        </test-method> <!-- test -->
        <test-method is-config="true" signature="close()[pri:0, instance:executionClasses.FormTest@5fdcaa40]" started-at="2024-12-27T16:20:15 IST" name="close" finished-at="2024-12-27T16:20:15 IST" duration-ms="109" status="PASS">
          <reporter-output>
          </reporter-output>
        </test-method> <!-- close -->
        <test-method is-config="true" signature="loadBrowser()[pri:0, instance:executionClasses.FormTest@5fdcaa40]" started-at="2024-12-27T16:20:15 IST" name="loadBrowser" finished-at="2024-12-27T16:20:20 IST" duration-ms="4450" status="PASS">
          <reporter-output>
          </reporter-output>
        </test-method> <!-- loadBrowser -->
        <test-method signature="test(java.lang.String,java.lang.String,java.lang.String,java.lang.String,java.lang.String,java.lang.String,java.lang.String,java.lang.String,java.lang.String,java.lang.String,java.lang.String,java.lang.String,java.lang.String,java.lang.String)[pri:0, instance:executionClasses.FormTest@5fdcaa40]" started-at="2024-12-27T16:20:20 IST" name="test" data-provider="dp" finished-at="2024-12-27T16:20:26 IST" duration-ms="6273" status="PASS">
          <params>
            <param index="0">
              <value>
                <![CDATA[Harry]]>
              </value>
            </param>
            <param index="1">
              <value>
                <![CDATA[Potter]]>
              </value>
            </param>
            <param index="2">
              <value>
                <![CDATA[abc@]]>
              </value>
            </param>
            <param index="3">
              <value>
                <![CDATA[Male]]>
              </value>
            </param>
            <param index="4">
              <value>
                <![CDATA[7896541236]]>
              </value>
            </param>
            <param index="5">
              <value>
                <![CDATA[Accounting]]>
              </value>
            </param>
            <param index="6">
              <value>
                <![CDATA[]]>
              </value>
            </param>
            <param index="7">
              <value>
                <![CDATA[TRUE]]>
              </value>
            </param>
            <param index="8">
              <value>
                <![CDATA[TRUE]]>
              </value>
            </param>
            <param index="9">
              <value>
                <![CDATA[./File//image2.png]]>
              </value>
            </param>
            <param index="10">
              <value>
                <![CDATA[bhimavaram]]>
              </value>
            </param>
            <param index="11">
              <value>
                <![CDATA[Haryana]]>
              </value>
            </param>
            <param index="12">
              <value>
                <![CDATA[Panipat]]>
              </value>
            </param>
            <param index="13">
              <value>
                <![CDATA[yes]]>
              </value>
            </param>
          </params>
          <reporter-output>
          </reporter-output>
        </test-method> <!-- test -->
        <test-method is-config="true" signature="close()[pri:0, instance:executionClasses.FormTest@5fdcaa40]" started-at="2024-12-27T16:20:26 IST" name="close" finished-at="2024-12-27T16:20:26 IST" duration-ms="102" status="PASS">
          <reporter-output>
          </reporter-output>
        </test-method> <!-- close -->
        <test-method is-config="true" signature="loadBrowser()[pri:0, instance:executionClasses.FormTest@5fdcaa40]" started-at="2024-12-27T16:20:26 IST" name="loadBrowser" finished-at="2024-12-27T16:20:31 IST" duration-ms="4751" status="PASS">
          <reporter-output>
          </reporter-output>
        </test-method> <!-- loadBrowser -->
        <test-method signature="test(java.lang.String,java.lang.String,java.lang.String,java.lang.String,java.lang.String,java.lang.String,java.lang.String,java.lang.String,java.lang.String,java.lang.String,java.lang.String,java.lang.String,java.lang.String,java.lang.String)[pri:0, instance:executionClasses.FormTest@5fdcaa40]" started-at="2024-12-27T16:20:31 IST" name="test" data-provider="dp" finished-at="2024-12-27T16:20:37 IST" duration-ms="6126" status="PASS">
          <params>
            <param index="0">
              <value>
                <![CDATA[]]>
              </value>
            </param>
            <param index="1">
              <value>
                <![CDATA[Potter]]>
              </value>
            </param>
            <param index="2">
              <value>
                <![CDATA[abc@]]>
              </value>
            </param>
            <param index="3">
              <value>
                <![CDATA[Male]]>
              </value>
            </param>
            <param index="4">
              <value>
                <![CDATA[7896541236]]>
              </value>
            </param>
            <param index="5">
              <value>
                <![CDATA[Computer Science]]>
              </value>
            </param>
            <param index="6">
              <value>
                <![CDATA[TRUE]]>
              </value>
            </param>
            <param index="7">
              <value>
                <![CDATA[]]>
              </value>
            </param>
            <param index="8">
              <value>
                <![CDATA[TRUE]]>
              </value>
            </param>
            <param index="9">
              <value>
                <![CDATA[./File//image2.png]]>
              </value>
            </param>
            <param index="10">
              <value>
                <![CDATA[bhimavaram]]>
              </value>
            </param>
            <param index="11">
              <value>
                <![CDATA[Haryana]]>
              </value>
            </param>
            <param index="12">
              <value>
                <![CDATA[Panipat]]>
              </value>
            </param>
            <param index="13">
              <value>
                <![CDATA[yes]]>
              </value>
            </param>
          </params>
          <reporter-output>
          </reporter-output>
        </test-method> <!-- test -->
        <test-method is-config="true" signature="close()[pri:0, instance:executionClasses.FormTest@5fdcaa40]" started-at="2024-12-27T16:20:37 IST" name="close" finished-at="2024-12-27T16:20:37 IST" duration-ms="126" status="PASS">
          <reporter-output>
          </reporter-output>
        </test-method> <!-- close -->
        <test-method is-config="true" signature="loadBrowser()[pri:0, instance:executionClasses.FormTest@5fdcaa40]" started-at="2024-12-27T16:20:37 IST" name="loadBrowser" finished-at="2024-12-27T16:20:42 IST" duration-ms="5184" status="PASS">
          <reporter-output>
          </reporter-output>
        </test-method> <!-- loadBrowser -->
        <test-method signature="test(java.lang.String,java.lang.String,java.lang.String,java.lang.String,java.lang.String,java.lang.String,java.lang.String,java.lang.String,java.lang.String,java.lang.String,java.lang.String,java.lang.String,java.lang.String,java.lang.String)[pri:0, instance:executionClasses.FormTest@5fdcaa40]" started-at="2024-12-27T16:20:42 IST" name="test" data-provider="dp" finished-at="2024-12-27T16:20:48 IST" duration-ms="6202" status="PASS">
          <params>
            <param index="0">
              <value>
                <![CDATA[Harry]]>
              </value>
            </param>
            <param index="1">
              <value>
                <![CDATA[Potter]]>
              </value>
            </param>
            <param index="2">
              <value>
                <![CDATA[abc@]]>
              </value>
            </param>
            <param index="3">
              <value>
                <![CDATA[Male]]>
              </value>
            </param>
            <param index="4">
              <value>
                <![CDATA[7896541236]]>
              </value>
            </param>
            <param index="5">
              <value>
                <![CDATA[Computer Science]]>
              </value>
            </param>
            <param index="6">
              <value>
                <![CDATA[TRUE]]>
              </value>
            </param>
            <param index="7">
              <value>
                <![CDATA[TRUE]]>
              </value>
            </param>
            <param index="8">
              <value>
                <![CDATA[]]>
              </value>
            </param>
            <param index="9">
              <value>
                <![CDATA[./File//image2.png]]>
              </value>
            </param>
            <param index="10">
              <value>
                <![CDATA[bhimavaram]]>
              </value>
            </param>
            <param index="11">
              <value>
                <![CDATA[Haryana]]>
              </value>
            </param>
            <param index="12">
              <value>
                <![CDATA[Panipat]]>
              </value>
            </param>
            <param index="13">
              <value>
                <![CDATA[yes]]>
              </value>
            </param>
          </params>
          <reporter-output>
          </reporter-output>
        </test-method> <!-- test -->
        <test-method is-config="true" signature="close()[pri:0, instance:executionClasses.FormTest@5fdcaa40]" started-at="2024-12-27T16:20:48 IST" name="close" finished-at="2024-12-27T16:20:48 IST" duration-ms="133" status="PASS">
          <reporter-output>
          </reporter-output>
        </test-method> <!-- close -->
        <test-method is-config="true" signature="loadBrowser()[pri:0, instance:executionClasses.FormTest@5fdcaa40]" started-at="2024-12-27T16:20:48 IST" name="loadBrowser" finished-at="2024-12-27T16:20:53 IST" duration-ms="4327" status="PASS">
          <reporter-output>
          </reporter-output>
        </test-method> <!-- loadBrowser -->
        <test-method signature="test(java.lang.String,java.lang.String,java.lang.String,java.lang.String,java.lang.String,java.lang.String,java.lang.String,java.lang.String,java.lang.String,java.lang.String,java.lang.String,java.lang.String,java.lang.String,java.lang.String)[pri:0, instance:executionClasses.FormTest@5fdcaa40]" started-at="2024-12-27T16:20:53 IST" name="test" data-provider="dp" finished-at="2024-12-27T16:20:59 IST" duration-ms="6340" status="PASS">
          <params>
            <param index="0">
              <value>
                <![CDATA[Harry]]>
              </value>
            </param>
            <param index="1">
              <value>
                <![CDATA[Potter]]>
              </value>
            </param>
            <param index="2">
              <value>
                <![CDATA[abc@]]>
              </value>
            </param>
            <param index="3">
              <value>
                <![CDATA[Male]]>
              </value>
            </param>
            <param index="4">
              <value>
                <![CDATA[7896541236]]>
              </value>
            </param>
            <param index="5">
              <value>
                <![CDATA[Computer Science]]>
              </value>
            </param>
            <param index="6">
              <value>
                <![CDATA[TRUE]]>
              </value>
            </param>
            <param index="7">
              <value>
                <![CDATA[TRUE]]>
              </value>
            </param>
            <param index="8">
              <value>
                <![CDATA[TRUE]]>
              </value>
            </param>
            <param index="9">
              <value>
                <![CDATA[]]>
              </value>
            </param>
            <param index="10">
              <value>
                <![CDATA[bhimavaram]]>
              </value>
            </param>
            <param index="11">
              <value>
                <![CDATA[Haryana]]>
              </value>
            </param>
            <param index="12">
              <value>
                <![CDATA[Panipat]]>
              </value>
            </param>
            <param index="13">
              <value>
                <![CDATA[yes]]>
              </value>
            </param>
          </params>
          <reporter-output>
          </reporter-output>
        </test-method> <!-- test -->
        <test-method is-config="true" signature="close()[pri:0, instance:executionClasses.FormTest@5fdcaa40]" started-at="2024-12-27T16:20:59 IST" name="close" finished-at="2024-12-27T16:20:59 IST" duration-ms="117" status="PASS">
          <reporter-output>
          </reporter-output>
        </test-method> <!-- close -->
        <test-method is-config="true" signature="loadBrowser()[pri:0, instance:executionClasses.FormTest@5fdcaa40]" started-at="2024-12-27T16:20:59 IST" name="loadBrowser" finished-at="2024-12-27T16:21:04 IST" duration-ms="4966" status="PASS">
          <reporter-output>
          </reporter-output>
        </test-method> <!-- loadBrowser -->
        <test-method signature="test(java.lang.String,java.lang.String,java.lang.String,java.lang.String,java.lang.String,java.lang.String,java.lang.String,java.lang.String,java.lang.String,java.lang.String,java.lang.String,java.lang.String,java.lang.String,java.lang.String)[pri:0, instance:executionClasses.FormTest@5fdcaa40]" started-at="2024-12-27T16:21:04 IST" name="test" data-provider="dp" finished-at="2024-12-27T16:21:11 IST" duration-ms="7032" status="PASS">
          <params>
            <param index="0">
              <value>
                <![CDATA[Harry]]>
              </value>
            </param>
            <param index="1">
              <value>
                <![CDATA[Potter]]>
              </value>
            </param>
            <param index="2">
              <value>
                <![CDATA[abc@]]>
              </value>
            </param>
            <param index="3">
              <value>
                <![CDATA[Male]]>
              </value>
            </param>
            <param index="4">
              <value>
                <![CDATA[7896541236]]>
              </value>
            </param>
            <param index="5">
              <value>
                <![CDATA[Accounting]]>
              </value>
            </param>
            <param index="6">
              <value>
                <![CDATA[TRUE]]>
              </value>
            </param>
            <param index="7">
              <value>
                <![CDATA[TRUE]]>
              </value>
            </param>
            <param index="8">
              <value>
                <![CDATA[TRUE]]>
              </value>
            </param>
            <param index="9">
              <value>
                <![CDATA[./File//image2.png]]>
              </value>
            </param>
            <param index="10">
              <value>
                <![CDATA[]]>
              </value>
            </param>
            <param index="11">
              <value>
                <![CDATA[Haryana]]>
              </value>
            </param>
            <param index="12">
              <value>
                <![CDATA[Panipat]]>
              </value>
            </param>
            <param index="13">
              <value>
                <![CDATA[yes]]>
              </value>
            </param>
          </params>
          <reporter-output>
          </reporter-output>
        </test-method> <!-- test -->
        <test-method is-config="true" signature="close()[pri:0, instance:executionClasses.FormTest@5fdcaa40]" started-at="2024-12-27T16:21:11 IST" name="close" finished-at="2024-12-27T16:21:11 IST" duration-ms="114" status="PASS">
          <reporter-output>
          </reporter-output>
        </test-method> <!-- close -->
        <test-method is-config="true" signature="loadBrowser()[pri:0, instance:executionClasses.FormTest@5fdcaa40]" started-at="2024-12-27T16:21:11 IST" name="loadBrowser" finished-at="2024-12-27T16:21:16 IST" duration-ms="4947" status="PASS">
          <reporter-output>
          </reporter-output>
        </test-method> <!-- loadBrowser -->
        <test-method signature="test(java.lang.String,java.lang.String,java.lang.String,java.lang.String,java.lang.String,java.lang.String,java.lang.String,java.lang.String,java.lang.String,java.lang.String,java.lang.String,java.lang.String,java.lang.String,java.lang.String)[pri:0, instance:executionClasses.FormTest@5fdcaa40]" started-at="2024-12-27T16:21:16 IST" name="test" data-provider="dp" finished-at="2024-12-27T16:21:22 IST" duration-ms="6055" status="PASS">
          <params>
            <param index="0">
              <value>
                <![CDATA[Harry]]>
              </value>
            </param>
            <param index="1">
              <value>
                <![CDATA[Potter]]>
              </value>
            </param>
            <param index="2">
              <value>
                <![CDATA[abc@]]>
              </value>
            </param>
            <param index="3">
              <value>
                <![CDATA[Male]]>
              </value>
            </param>
            <param index="4">
              <value>
                <![CDATA[7896541236]]>
              </value>
            </param>
            <param index="5">
              <value>
                <![CDATA[Accounting]]>
              </value>
            </param>
            <param index="6">
              <value>
                <![CDATA[TRUE]]>
              </value>
            </param>
            <param index="7">
              <value>
                <![CDATA[TRUE]]>
              </value>
            </param>
            <param index="8">
              <value>
                <![CDATA[TRUE]]>
              </value>
            </param>
            <param index="9">
              <value>
                <![CDATA[./File//image2.png]]>
              </value>
            </param>
            <param index="10">
              <value>
                <![CDATA[bhimavaram]]>
              </value>
            </param>
            <param index="11">
              <value>
                <![CDATA[]]>
              </value>
            </param>
            <param index="12">
              <value>
                <![CDATA[Panipat]]>
              </value>
            </param>
            <param index="13">
              <value>
                <![CDATA[yes]]>
              </value>
            </param>
          </params>
          <reporter-output>
          </reporter-output>
        </test-method> <!-- test -->
        <test-method is-config="true" signature="close()[pri:0, instance:executionClasses.FormTest@5fdcaa40]" started-at="2024-12-27T16:21:22 IST" name="close" finished-at="2024-12-27T16:21:22 IST" duration-ms="118" status="PASS">
          <reporter-output>
          </reporter-output>
        </test-method> <!-- close -->
        <test-method is-config="true" signature="loadBrowser()[pri:0, instance:executionClasses.FormTest@5fdcaa40]" started-at="2024-12-27T16:21:22 IST" name="loadBrowser" finished-at="2024-12-27T16:21:27 IST" duration-ms="4745" status="PASS">
          <reporter-output>
          </reporter-output>
        </test-method> <!-- loadBrowser -->
        <test-method signature="test(java.lang.String,java.lang.String,java.lang.String,java.lang.String,java.lang.String,java.lang.String,java.lang.String,java.lang.String,java.lang.String,java.lang.String,java.lang.String,java.lang.String,java.lang.String,java.lang.String)[pri:0, instance:executionClasses.FormTest@5fdcaa40]" started-at="2024-12-27T16:21:27 IST" name="test" data-provider="dp" finished-at="2024-12-27T16:21:34 IST" duration-ms="6351" status="PASS">
          <params>
            <param index="0">
              <value>
                <![CDATA[Harry]]>
              </value>
            </param>
            <param index="1">
              <value>
                <![CDATA[Potter]]>
              </value>
            </param>
            <param index="2">
              <value>
                <![CDATA[abc@]]>
              </value>
            </param>
            <param index="3">
              <value>
                <![CDATA[Male]]>
              </value>
            </param>
            <param index="4">
              <value>
                <![CDATA[7896541236]]>
              </value>
            </param>
            <param index="5">
              <value>
                <![CDATA[Accounting]]>
              </value>
            </param>
            <param index="6">
              <value>
                <![CDATA[TRUE]]>
              </value>
            </param>
            <param index="7">
              <value>
                <![CDATA[TRUE]]>
              </value>
            </param>
            <param index="8">
              <value>
                <![CDATA[TRUE]]>
              </value>
            </param>
            <param index="9">
              <value>
                <![CDATA[./File//image2.png]]>
              </value>
            </param>
            <param index="10">
              <value>
                <![CDATA[bhimavaram]]>
              </value>
            </param>
            <param index="11">
[...]
            <param index="10">
              <value>
                <![CDATA[bhimavaram,andhra pradesh,West Godavari,India]]>
              </value>
            </param>
            <param index="11">
              <value>
                <![CDATA[Uttar Pradesh]]>
              </value>
            </param>
            <param index="12">
              <value>
                <![CDATA[Lucknow]]>
              </value>
            </param>
            <param index="13">
              <value>
                <![CDATA[yes]]>
              </value>
            </param>
          </params>
          <reporter-output>
          </reporter-output>
        </test-method> <!-- test -->
        <test-method is-config="true" signature="close()[pri:0, instance:executionClasses.FormTest@5fdcaa40]" started-at="2024-12-27T16:47:54 IST" name="close" finished-at="2024-12-27T16:47:54 IST" duration-ms="124" status="PASS">
          <reporter-output>
          </reporter-output>
        </test-method> <!-- close -->
        <test-method is-config="true" signature="loadBrowser()[pri:0, instance:executionClasses.FormTest@5fdcaa40]" started-at="2024-12-27T16:47:54 IST" name="loadBrowser" finished-at="2024-12-27T16:47:59 IST" duration-ms="4680" status="PASS">
          <reporter-output>
          </reporter-output>
        </test-method> <!-- loadBrowser -->
        <test-method signature="test(java.lang.String,java.lang.String,java.lang.String,java.lang.String,java.lang.String,java.lang.String,java.lang.String,java.lang.String,java.lang.String,java.lang.String,java.lang.String,java.lang.String,java.lang.String,java.lang.String)[pri:0, instance:executionClasses.FormTest@5fdcaa40]" started-at="2024-12-27T16:47:59 IST" name="test" data-provider="dp" finished-at="2024-12-27T16:48:06 IST" duration-ms="6987" status="PASS">
          <params>
            <param index="0">
              <value>
                <![CDATA[Harry]]>
              </value>
            </param>
            <param index="1">
              <value>
                <![CDATA[Potter]]>
              </value>
            </param>
            <param index="2">
              <value>
                <![CDATA[abc@]]>
              </value>
            </param>
            <param index="3">
              <value>
                <![CDATA[Male]]>
              </value>
            </param>
            <param index="4">
              <value>
                <![CDATA[98563214756]]>
              </value>
            </param>
            <param index="5">
              <value>
                <![CDATA[Accounting]]>
              </value>
            </param>
            <param index="6">
              <value>
                <![CDATA[]]>
              </value>
            </param>
            <param index="7">
              <value>
                <![CDATA[TRUE]]>
              </value>
            </param>
            <param index="8">
              <value>
                <![CDATA[TRUE]]>
              </value>
            </param>
            <param index="9">
              <value>
                <![CDATA[]]>
              </value>
            </param>
            <param index="10">
              <value>
                <![CDATA[bhimavaram,andhra pradesh,West Godavari,India]]>
              </value>
            </param>
            <param index="11">
              <value>
                <![CDATA[Uttar Pradesh]]>
              </value>
            </param>
            <param index="12">
              <value>
                <![CDATA[Lucknow]]>
              </value>
            </param>
            <param index="13">
              <value>
                <![CDATA[yes]]>
              </value>
            </param>
          </params>
          <reporter-output>
          </reporter-output>
        </test-method> <!-- test -->
        <test-method is-config="true" signature="close()[pri:0, instance:executionClasses.FormTest@5fdcaa40]" started-at="2024-12-27T16:48:06 IST" name="close" finished-at="2024-12-27T16:48:06 IST" duration-ms="126" status="PASS">
          <reporter-output>
          </reporter-output>
        </test-method> <!-- close -->
        <test-method is-config="true" signature="loadBrowser()[pri:0, instance:executionClasses.FormTest@5fdcaa40]" started-at="2024-12-27T16:48:06 IST" name="loadBrowser" finished-at="2024-12-27T16:48:10 IST" duration-ms="4085" status="PASS">
          <reporter-output>
          </reporter-output>
        </test-method> <!-- loadBrowser -->
        <test-method signature="test(java.lang.String,java.lang.String,java.lang.String,java.lang.String,java.lang.String,java.lang.String,java.lang.String,java.lang.String,java.lang.String,java.lang.String,java.lang.String,java.lang.String,java.lang.String,java.lang.String)[pri:0, instance:executionClasses.FormTest@5fdcaa40]" started-at="2024-12-27T16:48:10 IST" name="test" data-provider="dp" finished-at="2024-12-27T16:48:17 IST" duration-ms="6978" status="PASS">
          <params>
            <param index="0">
              <value>
                <![CDATA[Harry]]>
              </value>
            </param>
            <param index="1">
              <value>
                <![CDATA[Potter]]>
              </value>
            </param>
            <param index="2">
              <value>
                <![CDATA[abc@]]>
              </value>
            </param>
            <param index="3">
              <value>
                <![CDATA[Male]]>
              </value>
            </param>
            <param index="4">
              <value>
                <![CDATA[98563214756]]>
              </value>
            </param>
            <param index="5">
              <value>
                <![CDATA[]]>
              </value>
            </param>
            <param index="6">
              <value>
                <![CDATA[TRUE]]>
              </value>
            </param>
            <param index="7">
              <value>
                <![CDATA[]]>
              </value>
            </param>
            <param index="8">
              <value>
                <![CDATA[TRUE]]>
              </value>
            </param>
            <param index="9">
              <value>
                <![CDATA[]]>
              </value>
            </param>
            <param index="10">
              <value>
                <![CDATA[bhimavaram,andhra pradesh,West Godavari,India]]>
              </value>
            </param>
            <param index="11">
              <value>
                <![CDATA[Uttar Pradesh]]>
              </value>
            </param>
            <param index="12">
              <value>
                <![CDATA[Lucknow]]>
              </value>
            </param>
            <param index="13">
              <value>
                <![CDATA[yes]]>
              </value>
            </param>
          </params>
          <reporter-output>
          </reporter-output>
        </test-method> <!-- test -->
        <test-method is-config="true" signature="close()[pri:0, instance:executionClasses.FormTest@5fdcaa40]" started-at="2024-12-27T16:48:17 IST" name="close" finished-at="2024-12-27T16:48:17 IST" duration-ms="122" status="PASS">
          <reporter-output>
          </reporter-output>
        </test-method> <!-- close -->
        <test-method is-config="true" signature="loadBrowser()[pri:0, instance:executionClasses.FormTest@5fdcaa40]" started-at="2024-12-27T16:48:17 IST" name="loadBrowser" finished-at="2024-12-27T16:48:22 IST" duration-ms="4905" status="PASS">
          <reporter-output>
          </reporter-output>
        </test-method> <!-- loadBrowser -->
        <test-method signature="test(java.lang.String,java.lang.String,java.lang.String,java.lang.String,java.lang.String,java.lang.String,java.lang.String,java.lang.String,java.lang.String,java.lang.String,java.lang.String,java.lang.String,java.lang.String,java.lang.String)[pri:0, instance:executionClasses.FormTest@5fdcaa40]" started-at="2024-12-27T16:48:22 IST" name="test" data-provider="dp" finished-at="2024-12-27T16:48:29 IST" duration-ms="6850" status="PASS">
          <params>
            <param index="0">
              <value>
                <![CDATA[Harry]]>
              </value>
            </param>
            <param index="1">
              <value>
                <![CDATA[Potter]]>
              </value>
            </param>
            <param index="2">
              <value>
                <![CDATA[abc@]]>
              </value>
            </param>
            <param index="3">
              <value>
                <![CDATA[Male]]>
              </value>
            </param>
            <param index="4">
              <value>
                <![CDATA[98563214756]]>
              </value>
            </param>
            <param index="5">
              <value>
                <![CDATA[Accounting]]>
              </value>
            </param>
            <param index="6">
              <value>
                <![CDATA[]]>
              </value>
            </param>
            <param index="7">
              <value>
                <![CDATA[TRUE]]>
              </value>
            </param>
            <param index="8">
              <value>
                <![CDATA[]]>
              </value>
            </param>
            <param index="9">
              <value>
                <![CDATA[]]>
              </value>
            </param>
            <param index="10">
              <value>
                <![CDATA[bhimavaram,andhra pradesh,West Godavari,India]]>
              </value>
            </param>
            <param index="11">
              <value>
                <![CDATA[Uttar Pradesh]]>
              </value>
            </param>
            <param index="12">
              <value>
                <![CDATA[Lucknow]]>
              </value>
            </param>
            <param index="13">
              <value>
                <![CDATA[yes]]>
              </value>
            </param>
          </params>
          <reporter-output>
          </reporter-output>
        </test-method> <!-- test -->
        <test-method is-config="true" signature="close()[pri:0, instance:executionClasses.FormTest@5fdcaa40]" started-at="2024-12-27T16:48:29 IST" name="close" finished-at="2024-12-27T16:48:29 IST" duration-ms="129" status="PASS">
          <reporter-output>
          </reporter-output>
        </test-method> <!-- close -->
        <test-method is-config="true" signature="loadBrowser()[pri:0, instance:executionClasses.FormTest@5fdcaa40]" started-at="2024-12-27T16:48:29 IST" name="loadBrowser" finished-at="2024-12-27T16:48:33 IST" duration-ms="4143" status="PASS">
          <reporter-output>
          </reporter-output>
        </test-method> <!-- loadBrowser -->
        <test-method signature="test(java.lang.String,java.lang.String,java.lang.String,java.lang.String,java.lang.String,java.lang.String,java.lang.String,java.lang.String,java.lang.String,java.lang.String,java.lang.String,java.lang.String,java.lang.String,java.lang.String)[pri:0, instance:executionClasses.FormTest@5fdcaa40]" started-at="2024-12-27T16:48:33 IST" name="test" data-provider="dp" finished-at="2024-12-27T16:48:40 IST" duration-ms="6892" status="PASS">
          <params>
            <param index="0">
              <value>
                <![CDATA[Harry]]>
              </value>
            </param>
            <param index="1">
              <value>
                <![CDATA[Potter]]>
              </value>
            </param>
            <param index="2">
              <value>
                <![CDATA[abc@]]>
              </value>
            </param>
            <param index="3">
              <value>
                <![CDATA[Female]]>
              </value>
            </param>
            <param index="4">
              <value>
                <![CDATA[98563214756]]>
              </value>
            </param>
            <param index="5">
              <value>
                <![CDATA[Accounting]]>
              </value>
            </param>
            <param index="6">
              <value>
                <![CDATA[TRUE]]>
              </value>
            </param>
            <param index="7">
              <value>
                <![CDATA[]]>
              </value>
            </param>
            <param index="8">
              <value>
                <![CDATA[TRUE]]>
              </value>
            </param>
            <param index="9">
              <value>
                <![CDATA[]]>
              </value>
            </param>
            <param index="10">
              <value>
                <![CDATA[bhimavaram,andhra pradesh,West Godavari,India]]>
              </value>
            </param>
            <param index="11">
              <value>
                <![CDATA[Uttar Pradesh]]>
              </value>
            </param>
            <param index="12">
              <value>
                <![CDATA[Lucknow]]>
              </value>
            </param>
            <param index="13">
              <value>
                <![CDATA[yes]]>
              </value>
            </param>
          </params>
          <reporter-output>
          </reporter-output>
        </test-method> <!-- test -->
        <test-method is-config="true" signature="close()[pri:0, instance:executionClasses.FormTest@5fdcaa40]" started-at="2024-12-27T16:48:40 IST" name="close" finished-at="2024-12-27T16:48:40 IST" duration-ms="103" status="PASS">
          <reporter-output>
          </reporter-output>
        </test-method> <!-- close -->
        <test-method is-config="true" signature="loadBrowser()[pri:0, instance:executionClasses.FormTest@5fdcaa40]" started-at="2024-12-27T16:48:40 IST" name="loadBrowser" finished-at="2024-12-27T16:48:45 IST" duration-ms="5377" status="PASS">
          <reporter-output>
          </reporter-output>
        </test-method> <!-- loadBrowser -->
        <test-method signature="test(java.lang.String,java.lang.String,java.lang.String,java.lang.String,java.lang.String,java.lang.String,java.lang.String,java.lang.String,java.lang.String,java.lang.String,java.lang.String,java.lang.String,java.lang.String,java.lang.String)[pri:0, instance:executionClasses.FormTest@5fdcaa40]" started-at="2024-12-27T16:48:45 IST" name="test" data-provider="dp" finished-at="2024-12-27T16:48:52 IST" duration-ms="6984" status="PASS">
          <params>
            <param index="0">
              <value>
                <![CDATA[Harry]]>
              </value>
            </param>
            <param index="1">
              <value>
                <![CDATA[Potter]]>
              </value>
            </param>
            <param index="2">
              <value>
                <![CDATA[abc@]]>
              </value>
            </param>
            <param index="3">
              <value>
                <![CDATA[Female]]>
              </value>
            </param>
            <param index="4">
              <value>
                <![CDATA[98563214756]]>
              </value>
            </param>
            <param index="5">
              <value>
                <![CDATA[Physics]]>
              </value>
            </param>
            <param index="6">
              <value>
                <![CDATA[TRUE]]>
              </value>
            </param>
            <param index="7">
              <value>
                <![CDATA[TRUE]]>
              </value>
            </param>
            <param index="8">
              <value>
                <![CDATA[]]>
              </value>
            </param>
            <param index="9">
              <value>
                <![CDATA[]]>
              </value>
            </param>
            <param index="10">
              <value>
                <![CDATA[bhimavaram,andhra pradesh,West Godavari,India]]>
              </value>
            </param>
            <param index="11">
              <value>
                <![CDATA[Uttar Pradesh]]>
              </value>
            </param>
            <param index="12">
              <value>
                <![CDATA[Lucknow]]>
              </value>
            </param>
            <param index="13">
              <value>
                <![CDATA[yes]]>
              </value>
            </param>
          </params>
          <reporter-output>
          </reporter-output>
        </test-method> <!-- test -->
        <test-method is-config="true" signature="close()[pri:0, instance:executionClasses.FormTest@5fdcaa40]" started-at="2024-12-27T16:48:52 IST" name="close" finished-at="2024-12-27T16:48:52 IST" duration-ms="125" status="PASS">
          <reporter-output>
          </reporter-output>
        </test-method> <!-- close -->
        <test-method is-config="true" signature="loadBrowser()[pri:0, instance:executionClasses.FormTest@5fdcaa40]" started-at="2024-12-27T16:48:52 IST" name="loadBrowser" finished-at="2024-12-27T16:48:57 IST" duration-ms="4816" status="PASS">
          <reporter-output>
          </reporter-output>
        </test-method> <!-- loadBrowser -->
        <test-method signature="test(java.lang.String,java.lang.String,java.lang.String,java.lang.String,java.lang.String,java.lang.String,java.lang.String,java.lang.String,java.lang.String,java.lang.String,java.lang.String,java.lang.String,java.lang.String,java.lang.String)[pri:0, instance:executionClasses.FormTest@5fdcaa40]" started-at="2024-12-27T16:48:57 IST" name="test" data-provider="dp" finished-at="2024-12-27T16:49:04 IST" duration-ms="6899" status="PASS">
          <params>
            <param index="0">
              <value>
                <![CDATA[]]>
              </value>
            </param>
            <param index="1">
              <value>
                <![CDATA[Potter]]>
              </value>
            </param>
            <param index="2">
              <value>
                <![CDATA[abc@]]>
              </value>
            </param>
            <param index="3">
              <value>
                <![CDATA[Female]]>
              </value>
            </param>
            <param index="4">
              <value>
                <![CDATA[98563214756]]>
              </value>
            </param>
            <param index="5">
              <value>
                <![CDATA[Physics]]>
              </value>
            </param>
            <param index="6">
              <value>
                <![CDATA[]]>
              </value>
            </param>
            <param index="7">
              <value>
                <![CDATA[TRUE]]>
              </value>
            </param>
            <param index="8">
              <value>
                <![CDATA[TRUE]]>
              </value>
            </param>
            <param index="9">
              <value>
                <![CDATA[]]>
              </value>
            </param>
            <param index="10">
              <value>
                <![CDATA[bhimavaram,andhra pradesh,West Godavari,India]]>
              </value>
            </param>
            <param index="11">
              <value>
                <![CDATA[Uttar Pradesh]]>
              </value>
            </param>
            <param index="12">
              <value>
                <![CDATA[Lucknow]]>
              </value>
            </param>
            <param index="13">
              <value>
                <![CDATA[yes]]>
              </value>
            </param>
          </params>
          <reporter-output>
          </reporter-output>
        </test-method> <!-- test -->
        <test-method is-config="true" signature="close()[pri:0, instance:executionClasses.FormTest@5fdcaa40]" started-at="2024-12-27T16:49:04 IST" name="close" finished-at="2024-12-27T16:49:04 IST" duration-ms="104" status="PASS">
          <reporter-output>
          </reporter-output>
        </test-method> <!-- close -->
      </class> <!-- executionClasses.FormTest -->
    </test> <!-- Default test -->
  </suite> <!-- Default suite -->
</testng-results>
